<?xml version="1.0" encoding="UTF-8"?>
<!-- Generated by org.testng.reporters.JUnitXMLReporter -->
<testsuite ignored="0" hostname="DESKTOP-EUFDE7D" failures="0" tests="2" name="Cucumber Scenarios" time="13.543" errors="0" timestamp="2025-07-21T21:55:10 IST">
  <testcase classname="io.cucumber.testng.AbstractTestNGCucumberTests" name="runScenario" time="7.796"/>
  <testcase classname="io.cucumber.testng.AbstractTestNGCucumberTests" name="runScenario" time="4.514"/>
</testsuite> <!-- Cucumber Scenarios -->
